[Licensing::Module] Trying to connect to existing licensing client channel...
[Licensing::IpcConnector] Successfully connected to: "LicenseClient-juane" at "2025-09-27T16:50:16.9869517Z"
Built from '6000.2/staging' branch; Version is '6000.2.4f1 (17550c9bb584) revision 1529100'; Using compiler version '194234433'; Build Type 'Release'
OS: 'Windows 11  (10.0.26100) 64bit Professional' Language: 'es' Physical Memory: 32694 MB
BatchMode: 1, IsHumanControllingUs: 0, StartBugReporterOnCrash: 0, Is64bit: 1
Date: 2025-09-27T16:50:16Z

COMMAND LINE ARGUMENTS:
C:\Program Files\Unity\Hub\Editor\6000.2.4f1\Editor\Unity.exe
-adb2
-batchMode
-noUpm
-name
AssetImportWorker1
-projectPath
C:/Users/juane/Desktop/Roll-a-Ball_EstebanHernandez
-logFile
Logs/AssetImportWorker1.log
-srvPort
64123
-licensingIpc
LicenseClient-juane
-job-worker-count
7
-background-job-worker-count
8
-gc-helper-count
1
-name
AssetImport
Successfully changed project path to: C:/Users/juane/Desktop/Roll-a-Ball_EstebanHernandez
C:/Users/juane/Desktop/Roll-a-Ball_EstebanHernandez
[UnityMemory] Configuration Parameters - Can be set up in boot.config
    "memorysetup-allocator-temp-initial-block-size-main=262144"
    "memorysetup-allocator-temp-initial-block-size-worker=262144"
    "memorysetup-bucket-allocator-granularity=16"
    "memorysetup-bucket-allocator-bucket-count=8"
    "memorysetup-bucket-allocator-block-size=33554432"
    "memorysetup-bucket-allocator-block-count=8"
    "memorysetup-main-allocator-block-size=16777216"
    "memorysetup-thread-allocator-block-size=16777216"
    "memorysetup-gfx-main-allocator-block-size=16777216"
    "memorysetup-gfx-thread-allocator-block-size=16777216"
    "memorysetup-cache-allocator-block-size=4194304"
    "memorysetup-typetree-allocator-block-size=2097152"
    "memorysetup-profiler-bucket-allocator-granularity=16"
    "memorysetup-profiler-bucket-allocator-bucket-count=8"
    "memorysetup-profiler-bucket-allocator-block-size=33554432"
    "memorysetup-profiler-bucket-allocator-block-count=8"
    "memorysetup-profiler-allocator-block-size=16777216"
    "memorysetup-profiler-editor-allocator-block-size=1048576"
    "memorysetup-temp-allocator-size-main=16777216"
    "memorysetup-job-temp-allocator-block-size=2097152"
    "memorysetup-job-temp-allocator-block-size-background=1048576"
    "memorysetup-job-temp-allocator-reduction-small-platforms=262144"
    "memorysetup-temp-allocator-size-background-worker=32768"
    "memorysetup-temp-allocator-size-job-worker=262144"
    "memorysetup-temp-allocator-size-preload-manager=33554432"
    "memorysetup-temp-allocator-size-nav-mesh-worker=65536"
    "memorysetup-temp-allocator-size-audio-worker=65536"
    "memorysetup-temp-allocator-size-cloud-worker=32768"
    "memorysetup-temp-allocator-size-gi-baking-worker=262144"
    "memorysetup-temp-allocator-size-gi-baking-worker=262144"
    "memorysetup-temp-allocator-size-gi-baking-worker=262144"
    "memorysetup-temp-allocator-size-gi-baking-worker=262144"
    "memorysetup-temp-allocator-size-gi-baking-worker=262144"
    "memorysetup-temp-allocator-size-gfx=262144"
Player connection [9608]  Target information:

Player connection [9608]  * "[IP] 192.168.56.1 [Port] 0 [Flags] 2 [Guid] 46450770 [EditorId] 46450770 [Version] 1048832 [Id] WindowsEditor(7,Steban) [Debug] 1 [PackageName] WindowsEditor [ProjectName] Editor" 

Player connection [9608]  * "[IP] 192.168.1.73 [Port] 0 [Flags] 2 [Guid] 46450770 [EditorId] 46450770 [Version] 1048832 [Id] WindowsEditor(7,Steban) [Debug] 1 [PackageName] WindowsEditor [ProjectName] Editor" 

Player connection [9608] Host joined multi-casting on [225.0.0.222:54997]...
Player connection [9608] Host joined alternative multi-casting on [225.0.0.222:34997]...
JobSystem: Creating JobQueue using job-worker-count value 7
Input System module state changed to: Initialized.
[Physics::Module] Initialized fallback backend.
[Physics::Module] Id: 0xdecafbad
[Licensing::Client] Code 10 while verifying Licensing Client signature (process Id: 26480, path: "C:/Program Files/Unity Hub/UnityLicensingClient_V1/Unity.Licensing.Client.exe")
[Licensing::Module] LicensingClient has failed validation; ignoring
[Licensing::Client] Handshaking with LicensingClient:
  Version:                 1.17.3+a4e98f1
  Session Id:              c1000c3cf3cb4d78a259d09f19cadb02
  Correlation Id:          e1a68c070ed79ddcab9fc6a5d159e5eb
  External correlation Id: 2206287271484564310
  Machine Id:              fySAlWNorpS81yXkV6kDQKRMN+4=
[Licensing::Module] Successfully connected to LicensingClient on channel: "LicenseClient-juane" (connect: 0.00s, validation: 0.00s, handshake: 0.06s)
[Licensing::IpcConnector] Successfully connected to: "LicenseClient-juane-notifications" at "2025-09-27T16:50:17.0554596Z"
[Licensing::Module] Licensing Background thread has ended after 0.07s
Library Redirect Path: Library/
[Physics::Module] Selected backend.
[Physics::Module] Name: PhysX
[Physics::Module] Id: 0xf2b8ea05
[Physics::Module] SDK Version: 4.1.2
[Physics::Module] Integration Version: 1.0.0
[Physics::Module] Threading Mode: Multi-Threaded
Refreshing native plugins compatible for Editor in 2.89 ms, found 3 plugins.
Preloading 0 native plugins for Editor in 0.00 ms.
Initialize engine version: 6000.2.4f1 (17550c9bb584)
[Subsystems] Discovering subsystems at path C:/Program Files/Unity/Hub/Editor/6000.2.4f1/Editor/Data/Resources/UnitySubsystems
[Subsystems] Discovering subsystems at path C:/Users/juane/Desktop/Roll-a-Ball_EstebanHernandez/Assets
GfxDevice: creating device client; kGfxThreadingModeNonThreaded
d3d12: failed to query info queue interface (0x80004002).
Direct3D:
    Version:         Direct3D 12 [level 12.1]
    Renderer:        NVIDIA GeForce RTX 3060 (ID=0x2487)
    Vendor:          NVIDIA
    VRAM:            12110 MB
    App VRAM Budget: 11342 MB
    Driver:          32.0.15.6094
Initialize mono
Mono path[0] = 'C:/Program Files/Unity/Hub/Editor/6000.2.4f1/Editor/Data/Managed'
Mono path[1] = 'C:/Program Files/Unity/Hub/Editor/6000.2.4f1/Editor/Data/MonoBleedingEdge/lib/mono/unityjit-win32'
Mono config path = 'C:/Program Files/Unity/Hub/Editor/6000.2.4f1/Editor/Data/MonoBleedingEdge/etc'
Using monoOptions --debugger-agent=transport=dt_socket,embedding=1,server=y,suspend=n,address=127.0.0.1:56660
Begin MonoManager ReloadAssembly
Registering precompiled unity dll's ...
Register platform support module: C:/Program Files/Unity/Hub/Editor/6000.2.4f1/Editor/Data/PlaybackEngines/WindowsStandaloneSupport/UnityEditor.WindowsStandalone.Extensions.dll
Registered in 0.002342 seconds.
- Loaded All Assemblies, in  0.455 seconds
Native extension for WindowsStandalone target not found
Mono: successfully reloaded assembly
- Finished resetting the current domain, in  0.494 seconds
Domain Reload Profiling: 944ms
	BeginReloadAssembly (141ms)
		ExecutionOrderSort (0ms)
		DisableScriptedObjects (0ms)
		BackupInstance (0ms)
		ReleaseScriptingObjects (0ms)
		CreateAndSetChildDomain (1ms)
	RebuildCommonClasses (42ms)
	RebuildNativeTypeToScriptingClass (16ms)
	initialDomainReloadingComplete (52ms)
	LoadAllAssembliesAndSetupDomain (198ms)
		LoadAssemblies (138ms)
		RebuildTransferFunctionScriptingTraits (0ms)
		AnalyzeDomain (193ms)
			TypeCache.Refresh (191ms)
				TypeCache.ScanAssembly (172ms)
			BuildScriptInfoCaches (0ms)
			ResolveRequiredComponents (1ms)
	FinalizeReload (495ms)
		ReleaseScriptCaches (0ms)
		RebuildScriptCaches (0ms)
		SetupLoadedEditorAssemblies (431ms)
			LogAssemblyErrors (0ms)
			InitializePlatformSupportModulesInManaged (64ms)
			SetLoadedEditorAssemblies (5ms)
			BeforeProcessingInitializeOnLoad (116ms)
			ProcessInitializeOnLoadAttributes (172ms)
			ProcessInitializeOnLoadMethodAttributes (74ms)
			AfterProcessingInitializeOnLoad (0ms)
			EditorAssembliesLoaded (0ms)
		ExecutionOrderSort2 (0ms)
		AwakeInstancesAfterBackupRestoration (0ms)
========================================================================
Worker process is ready to serve import requests
Import Worker Mode flag is 0x00
Begin MonoManager ReloadAssembly
[Licensing::Client] Successfully resolved entitlement details
[Licensing::Module] License group:
  Id: 6872782475460-UnityPersXXXX
  Product: Unity Personal
  Type: Assigned
  Expiration: Unlimited
- Loaded All Assemblies, in  0.997 seconds
Refreshing native plugins compatible for Editor in 1.13 ms, found 3 plugins.
Native extension for WindowsStandalone target not found
Package Manager log level set to [2]
[Package Manager] Failed to launch server process. Reason: Unity was launched with the -noUpm command-line argument
[Package Manager] Unable to send message (not connected to server process).
[Package Manager] Cannot connect to Unity Package Manager local server
Mono: successfully reloaded assembly
- Finished resetting the current domain, in  0.883 seconds
Domain Reload Profiling: 1870ms
	BeginReloadAssembly (214ms)
		ExecutionOrderSort (0ms)
		DisableScriptedObjects (6ms)
		BackupInstance (0ms)
		ReleaseScriptingObjects (0ms)
		CreateAndSetChildDomain (42ms)
	RebuildCommonClasses (56ms)
	RebuildNativeTypeToScriptingClass (14ms)
	initialDomainReloadingComplete (47ms)
	LoadAllAssembliesAndSetupDomain (656ms)
		LoadAssemblies (485ms)
		RebuildTransferFunctionScriptingTraits (0ms)
		AnalyzeDomain (290ms)
			TypeCache.Refresh (213ms)
				TypeCache.ScanAssembly (188ms)
			BuildScriptInfoCaches (57ms)
			ResolveRequiredComponents (14ms)
	FinalizeReload (883ms)
		ReleaseScriptCaches (0ms)
		RebuildScriptCaches (0ms)
		SetupLoadedEditorAssemblies (657ms)
			LogAssemblyErrors (0ms)
			InitializePlatformSupportModulesInManaged (2ms)
			SetLoadedEditorAssemblies (6ms)
			BeforeProcessingInitializeOnLoad (152ms)
			ProcessInitializeOnLoadAttributes (420ms)
			ProcessInitializeOnLoadMethodAttributes (68ms)
			AfterProcessingInitializeOnLoad (9ms)
			EditorAssembliesLoaded (0ms)
		ExecutionOrderSort2 (0ms)
		AwakeInstancesAfterBackupRestoration (12ms)
Launched and connected shader compiler UnityShaderCompiler.exe after 0.01 seconds
Refreshing native plugins compatible for Editor in 1.94 ms, found 3 plugins.
Preloading 0 native plugins for Editor in 0.00 ms.
Unloading 13 Unused Serialized files (Serialized files now loaded: 0)
Unloading 6101 unused Assets / (5.4 MB). Loaded Objects now: 6811.
Memory consumption went from 132.4 MB to 127.0 MB.
Total: 11.555300 ms (FindLiveObjects: 1.176100 ms CreateObjectMapping: 1.024900 ms MarkObjects: 5.950000 ms  DeleteObjects: 3.403000 ms)

========================================================================
Received Import Request.
  Time since last request: 965.377649 seconds.
  path: Assets/InputSystem_Actions.inputactions
  artifactKey: Guid(052faaac586de48259a63d0c4782560b) Importer(815301076,1909f56bfc062723c751e8b465ee728b)
Start importing Assets/InputSystem_Actions.inputactions using Guid(052faaac586de48259a63d0c4782560b) Importer(815301076,1909f56bfc062723c751e8b465ee728b) (PreviewImporter) -> (artifact id: '7dc86266732579bb53e0e2185817a08e') in 0.0306946 seconds
Number of updated asset objects reloaded before import = 0Number of asset objects unloaded after import = 20

========================================================================
Received Import Request.
  Time since last request: 30.179991 seconds.
  path: Assets/Tree_Textures/normal_specular.png
  artifactKey: Guid(44947cf4f2ac68b2aad214369208f30b) Importer(815301076,1909f56bfc062723c751e8b465ee728b)
Start importing Assets/Tree_Textures/normal_specular.png using Guid(44947cf4f2ac68b2aad214369208f30b) Importer(815301076,1909f56bfc062723c751e8b465ee728b) (PreviewImporter) -> (artifact id: '7e58dd723bb8ae0b79a75f117ca48c66') in 0.0530486 seconds
Number of updated asset objects reloaded before import = 0Number of asset objects unloaded after import = 2

========================================================================
Received Import Request.
  Time since last request: 0.000020 seconds.
  path: Assets/Tree_Textures/translucency_gloss.png
  artifactKey: Guid(63186900d3ac250b48b4ed864260efb6) Importer(815301076,1909f56bfc062723c751e8b465ee728b)
Start importing Assets/Tree_Textures/translucency_gloss.png using Guid(63186900d3ac250b48b4ed864260efb6) Importer(815301076,1909f56bfc062723c751e8b465ee728b) (PreviewImporter) -> (artifact id: 'af89ca2d945fb472016b1eef269786ec') in 0.0120406 seconds
Number of updated asset objects reloaded before import = 0Number of asset objects unloaded after import = 2

========================================================================
Received Import Request.
  Time since last request: 8.421953 seconds.
  path: Assets/Settings/Mobile_Renderer.asset
  artifactKey: Guid(65bc7dbf4170f435aa868c779acfb082) Importer(815301076,1909f56bfc062723c751e8b465ee728b)
Start importing Assets/Settings/Mobile_Renderer.asset using Guid(65bc7dbf4170f435aa868c779acfb082) Importer(815301076,1909f56bfc062723c751e8b465ee728b) (PreviewImporter) -> (artifact id: '6ffe12d7e2951a848fb487479e3d383a') in 0.0014323 seconds
Number of updated asset objects reloaded before import = 0Number of asset objects unloaded after import = 1

========================================================================
Received Import Request.
  Time since last request: 0.000016 seconds.
  path: Assets/Settings/Mobile_RPAsset.asset
  artifactKey: Guid(5e6cbd92db86f4b18aec3ed561671858) Importer(815301076,1909f56bfc062723c751e8b465ee728b)
Start importing Assets/Settings/Mobile_RPAsset.asset using Guid(5e6cbd92db86f4b18aec3ed561671858) Importer(815301076,1909f56bfc062723c751e8b465ee728b) (PreviewImporter) -> (artifact id: '3ee58339353993c2d2d7ee60e8205cf2') in 0.0022181 seconds
Number of updated asset objects reloaded before import = 0Number of asset objects unloaded after import = 2

========================================================================
Received Import Request.
  Time since last request: 0.000021 seconds.
  path: Assets/Settings/UniversalRenderPipelineGlobalSettings.asset
  artifactKey: Guid(18dc0cd2c080841dea60987a38ce93fa) Importer(815301076,1909f56bfc062723c751e8b465ee728b)
Start importing Assets/Settings/UniversalRenderPipelineGlobalSettings.asset using Guid(18dc0cd2c080841dea60987a38ce93fa) Importer(815301076,1909f56bfc062723c751e8b465ee728b) (PreviewImporter) -> (artifact id: 'b9c36d0a6de37683995769dde649ddb6') in 0.000968 seconds
Number of updated asset objects reloaded before import = 0Number of asset objects unloaded after import = 0

========================================================================
Received Import Request.
  Time since last request: 0.000022 seconds.
  path: Assets/Settings/PC_Renderer.asset
  artifactKey: Guid(f288ae1f4751b564a96ac7587541f7a2) Importer(815301076,1909f56bfc062723c751e8b465ee728b)
Start importing Assets/Settings/PC_Renderer.asset using Guid(f288ae1f4751b564a96ac7587541f7a2) Importer(815301076,1909f56bfc062723c751e8b465ee728b) (PreviewImporter) -> (artifact id: 'b5595849c30a826d437072badaba5c31') in 0.0010633 seconds
Number of updated asset objects reloaded before import = 0Number of asset objects unloaded after import = 0

========================================================================
Received Import Request.
  Time since last request: 24.660041 seconds.
  path: Assets/Rolling_Balls-Sci-fi_Pack/Rolling_Balls-Sci-fi_Pack_SRP_Build/Textures/RollingBalls_Sci-fi_BaseMap_6.png
  artifactKey: Guid(2d96c6278cc172846886ec4d5369d36a) Importer(815301076,1909f56bfc062723c751e8b465ee728b)
Start importing Assets/Rolling_Balls-Sci-fi_Pack/Rolling_Balls-Sci-fi_Pack_SRP_Build/Textures/RollingBalls_Sci-fi_BaseMap_6.png using Guid(2d96c6278cc172846886ec4d5369d36a) Importer(815301076,1909f56bfc062723c751e8b465ee728b) (PreviewImporter) -> (artifact id: '2d044fcef9b2a4154442e69c549466d1') in 0.016487 seconds
Number of updated asset objects reloaded before import = 0Number of asset objects unloaded after import = 2

========================================================================
Received Import Request.
  Time since last request: 0.000018 seconds.
  path: Assets/Rolling_Balls-Sci-fi_Pack/Rolling_Balls-Sci-fi_Pack_SRP_Build/Textures/RollingBalls_Sci-fi_BaseMap_87.png
  artifactKey: Guid(25269af27bb878a43a65e048472867d1) Importer(815301076,1909f56bfc062723c751e8b465ee728b)
Start importing Assets/Rolling_Balls-Sci-fi_Pack/Rolling_Balls-Sci-fi_Pack_SRP_Build/Textures/RollingBalls_Sci-fi_BaseMap_87.png using Guid(25269af27bb878a43a65e048472867d1) Importer(815301076,1909f56bfc062723c751e8b465ee728b) (PreviewImporter) -> (artifact id: 'd2dd23d469aea09ca65a3d0b5e4a94be') in 0.0127151 seconds
Number of updated asset objects reloaded before import = 0Number of asset objects unloaded after import = 2

========================================================================
Received Import Request.
  Time since last request: 0.000035 seconds.
  path: Assets/Rolling_Balls-Sci-fi_Pack/Rolling_Balls-Sci-fi_Pack_SRP_Build/Textures/RollingBalls_Sci-fi_BaseMap_94.png
  artifactKey: Guid(71bdb0c56715f3147b04db7b55069b73) Importer(815301076,1909f56bfc062723c751e8b465ee728b)
Start importing Assets/Rolling_Balls-Sci-fi_Pack/Rolling_Balls-Sci-fi_Pack_SRP_Build/Textures/RollingBalls_Sci-fi_BaseMap_94.png using Guid(71bdb0c56715f3147b04db7b55069b73) Importer(815301076,1909f56bfc062723c751e8b465ee728b) (PreviewImporter) -> (artifact id: 'bc993f48258c90bc2aa395cc82f31e16') in 0.0103784 seconds
Number of updated asset objects reloaded before import = 0Number of asset objects unloaded after import = 2

========================================================================
Received Import Request.
  Time since last request: 0.000019 seconds.
  path: Assets/Rolling_Balls-Sci-fi_Pack/Rolling_Balls-Sci-fi_Pack_SRP_Build/Textures/RollingBalls_Sci-fi_BaseMap_68.png
  artifactKey: Guid(f2f33803bc7a1a1459869e50da227783) Importer(815301076,1909f56bfc062723c751e8b465ee728b)
Start importing Assets/Rolling_Balls-Sci-fi_Pack/Rolling_Balls-Sci-fi_Pack_SRP_Build/Textures/RollingBalls_Sci-fi_BaseMap_68.png using Guid(f2f33803bc7a1a1459869e50da227783) Importer(815301076,1909f56bfc062723c751e8b465ee728b) (PreviewImporter) -> (artifact id: '846f568f2d510283cc385eede1663fb8') in 0.015006 seconds
Number of updated asset objects reloaded before import = 0Number of asset objects unloaded after import = 2

========================================================================
Received Import Request.
  Time since last request: 0.000021 seconds.
  path: Assets/Rolling_Balls-Sci-fi_Pack/Rolling_Balls-Sci-fi_Pack_SRP_Build/Textures/RollingBalls_Sci-fi_BaseMap_23.png
  artifactKey: Guid(7fcc51fa4fede71419825afdd33fc18a) Importer(815301076,1909f56bfc062723c751e8b465ee728b)
Start importing Assets/Rolling_Balls-Sci-fi_Pack/Rolling_Balls-Sci-fi_Pack_SRP_Build/Textures/RollingBalls_Sci-fi_BaseMap_23.png using Guid(7fcc51fa4fede71419825afdd33fc18a) Importer(815301076,1909f56bfc062723c751e8b465ee728b) (PreviewImporter) -> (artifact id: '36643e6fc8e46e56c8b48c35f70e63c5') in 0.0183038 seconds
Number of updated asset objects reloaded before import = 0Number of asset objects unloaded after import = 2

========================================================================
Received Import Request.
  Time since last request: 0.000023 seconds.
  path: Assets/Rolling_Balls-Sci-fi_Pack/Rolling_Balls-Sci-fi_Pack_SRP_Build/Textures/RollingBalls_Sci-fi_NormalMap_52.png
  artifactKey: Guid(dcefc37cd506b604b840dfedfac43190) Importer(815301076,1909f56bfc062723c751e8b465ee728b)
Start importing Assets/Rolling_Balls-Sci-fi_Pack/Rolling_Balls-Sci-fi_Pack_SRP_Build/Textures/RollingBalls_Sci-fi_NormalMap_52.png using Guid(dcefc37cd506b604b840dfedfac43190) Importer(815301076,1909f56bfc062723c751e8b465ee728b) (PreviewImporter) -> (artifact id: 'a9990255409fd480dc5733bd04d20fab') in 0.0747612 seconds
Number of updated asset objects reloaded before import = 0Number of asset objects unloaded after import = 2

========================================================================
Received Import Request.
  Time since last request: 0.000033 seconds.
  path: Assets/Rolling_Balls-Sci-fi_Pack/Rolling_Balls-Sci-fi_Pack_SRP_Build/Textures/RollingBalls_Sci-fi_BaseMap_76.png
  artifactKey: Guid(6306b0f82f9d99045bdbb2618e9e760e) Importer(815301076,1909f56bfc062723c751e8b465ee728b)
Start importing Assets/Rolling_Balls-Sci-fi_Pack/Rolling_Balls-Sci-fi_Pack_SRP_Build/Textures/RollingBalls_Sci-fi_BaseMap_76.png using Guid(6306b0f82f9d99045bdbb2618e9e760e) Importer(815301076,1909f56bfc062723c751e8b465ee728b) (PreviewImporter) -> (artifact id: '0274ab60a663b635531a75fc9aa654f5') in 0.0086086 seconds
Number of updated asset objects reloaded before import = 0Number of asset objects unloaded after import = 2

========================================================================
Received Import Request.
  Time since last request: 0.000019 seconds.
  path: Assets/Rolling_Balls-Sci-fi_Pack/Rolling_Balls-Sci-fi_Pack_SRP_Build/Textures/RollingBalls_Sci-fi_BaseMap_45.png
  artifactKey: Guid(9dac3fc1fcbd28f4ca20d0c3d4a58661) Importer(815301076,1909f56bfc062723c751e8b465ee728b)
Start importing Assets/Rolling_Balls-Sci-fi_Pack/Rolling_Balls-Sci-fi_Pack_SRP_Build/Textures/RollingBalls_Sci-fi_BaseMap_45.png using Guid(9dac3fc1fcbd28f4ca20d0c3d4a58661) Importer(815301076,1909f56bfc062723c751e8b465ee728b) (PreviewImporter) -> (artifact id: '220b3b3fe86a9ddf3bf581df055d218a') in 0.0141889 seconds
Number of updated asset objects reloaded before import = 0Number of asset objects unloaded after import = 2

========================================================================
Received Import Request.
  Time since last request: 0.000019 seconds.
  path: Assets/Rolling_Balls-Sci-fi_Pack/Rolling_Balls-Sci-fi_Pack_SRP_Build/Textures/RollingBalls_Sci-fi_NormalMap_2.png
  artifactKey: Guid(5c47f913b8136d5409190bade3db614e) Importer(815301076,1909f56bfc062723c751e8b465ee728b)
Start importing Assets/Rolling_Balls-Sci-fi_Pack/Rolling_Balls-Sci-fi_Pack_SRP_Build/Textures/RollingBalls_Sci-fi_NormalMap_2.png using Guid(5c47f913b8136d5409190bade3db614e) Importer(815301076,1909f56bfc062723c751e8b465ee728b) (PreviewImporter) -> (artifact id: 'e1a6a98d1b189fc74f2340775125e1c8') in 0.0116016 seconds
Number of updated asset objects reloaded before import = 0Number of asset objects unloaded after import = 2

========================================================================
Received Import Request.
  Time since last request: 0.000028 seconds.
  path: Assets/Rolling_Balls-Sci-fi_Pack/Rolling_Balls-Sci-fi_Pack_SRP_Build/Textures/RollingBalls_Sci-fi_NormalMap_60.png
  artifactKey: Guid(8c56ee654dc64794e8bf868ee981f34b) Importer(815301076,1909f56bfc062723c751e8b465ee728b)
Start importing Assets/Rolling_Balls-Sci-fi_Pack/Rolling_Balls-Sci-fi_Pack_SRP_Build/Textures/RollingBalls_Sci-fi_NormalMap_60.png using Guid(8c56ee654dc64794e8bf868ee981f34b) Importer(815301076,1909f56bfc062723c751e8b465ee728b) (PreviewImporter) -> (artifact id: 'ff54c9196c531b51ed45a3d27a486a7f') in 0.0446146 seconds
Number of updated asset objects reloaded before import = 0Number of asset objects unloaded after import = 2

========================================================================
Received Import Request.
  Time since last request: 0.000031 seconds.
  path: Assets/Rolling_Balls-Sci-fi_Pack/Rolling_Balls-Sci-fi_Pack_SRP_Build/Textures/RollingBalls_Sci-fi_BaseMap_8.png
  artifactKey: Guid(4a861cbc218f0214080947e0b37e1240) Importer(815301076,1909f56bfc062723c751e8b465ee728b)
Start importing Assets/Rolling_Balls-Sci-fi_Pack/Rolling_Balls-Sci-fi_Pack_SRP_Build/Textures/RollingBalls_Sci-fi_BaseMap_8.png using Guid(4a861cbc218f0214080947e0b37e1240) Importer(815301076,1909f56bfc062723c751e8b465ee728b) (PreviewImporter) -> (artifact id: '5c27d1ed6e225aab36fb87dec50de9fa') in 0.0083558 seconds
Number of updated asset objects reloaded before import = 0Number of asset objects unloaded after import = 2

========================================================================
Received Import Request.
  Time since last request: 0.000020 seconds.
  path: Assets/Rolling_Balls-Sci-fi_Pack/Rolling_Balls-Sci-fi_Pack_SRP_Build/Textures/RollingBalls_Sci-fi_NormalMap_22.png
  artifactKey: Guid(e4542c216cb2cab42ab4a719a4fc09ac) Importer(815301076,1909f56bfc062723c751e8b465ee728b)
Start importing Assets/Rolling_Balls-Sci-fi_Pack/Rolling_Balls-Sci-fi_Pack_SRP_Build/Textures/RollingBalls_Sci-fi_NormalMap_22.png using Guid(e4542c216cb2cab42ab4a719a4fc09ac) Importer(815301076,1909f56bfc062723c751e8b465ee728b) (PreviewImporter) -> (artifact id: 'ff82f2951741eba5cd9ac962c428a7f5') in 0.008235 seconds
Number of updated asset objects reloaded before import = 0Number of asset objects unloaded after import = 2

========================================================================
Received Import Request.
  Time since last request: 0.000020 seconds.
  path: Assets/Rolling_Balls-Sci-fi_Pack/Rolling_Balls-Sci-fi_Pack_SRP_Build/Textures/RollingBalls_Sci-fi_NormalMap_86.png
  artifactKey: Guid(b58097dce77d96040989f5f4b88ef1d9) Importer(815301076,1909f56bfc062723c751e8b465ee728b)
Start importing Assets/Rolling_Balls-Sci-fi_Pack/Rolling_Balls-Sci-fi_Pack_SRP_Build/Textures/RollingBalls_Sci-fi_NormalMap_86.png using Guid(b58097dce77d96040989f5f4b88ef1d9) Importer(815301076,1909f56bfc062723c751e8b465ee728b) (PreviewImporter) -> (artifact id: '97134ff3c5371d920aaef732f6f1214f') in 0.0107455 seconds
Number of updated asset objects reloaded before import = 0Number of asset objects unloaded after import = 2

========================================================================
Received Import Request.
  Time since last request: 0.000032 seconds.
  path: Assets/Rolling_Balls-Sci-fi_Pack/Rolling_Balls-Sci-fi_Pack_SRP_Build/Textures/RollingBalls_Sci-fi_NormalMap_87.png
  artifactKey: Guid(1e2126c31de684b40859268705dafa39) Importer(815301076,1909f56bfc062723c751e8b465ee728b)
Start importing Assets/Rolling_Balls-Sci-fi_Pack/Rolling_Balls-Sci-fi_Pack_SRP_Build/Textures/RollingBalls_Sci-fi_NormalMap_87.png using Guid(1e2126c31de684b40859268705dafa39) Importer(815301076,1909f56bfc062723c751e8b465ee728b) (PreviewImporter) -> (artifact id: '183999a712e5abb8e35b989dc192473f') in 0.0127018 seconds
Number of updated asset objects reloaded before import = 0Number of asset objects unloaded after import = 2

========================================================================
Received Import Request.
  Time since last request: 0.000035 seconds.
  path: Assets/Rolling_Balls-Sci-fi_Pack/Rolling_Balls-Sci-fi_Pack_SRP_Build/Textures/RollingBalls_Sci-fi_BaseMap_49.png
  artifactKey: Guid(743088feea6908a4d8f0257dbe29ce60) Importer(815301076,1909f56bfc062723c751e8b465ee728b)
Start importing Assets/Rolling_Balls-Sci-fi_Pack/Rolling_Balls-Sci-fi_Pack_SRP_Build/Textures/RollingBalls_Sci-fi_BaseMap_49.png using Guid(743088feea6908a4d8f0257dbe29ce60) Importer(815301076,1909f56bfc062723c751e8b465ee728b) (PreviewImporter) -> (artifact id: 'a606a52272c671065e0aa0d5401f10d3') in 0.0067601 seconds
Number of updated asset objects reloaded before import = 0Number of asset objects unloaded after import = 2

========================================================================
Received Import Request.
  Time since last request: 0.000021 seconds.
  path: Assets/Rolling_Balls-Sci-fi_Pack/Rolling_Balls-Sci-fi_Pack_SRP_Build/Textures/RollingBalls_Sci-fi_NormalMap_158.png
  artifactKey: Guid(f02a0f67bf11f4f418595f3c52270056) Importer(815301076,1909f56bfc062723c751e8b465ee728b)
Start importing Assets/Rolling_Balls-Sci-fi_Pack/Rolling_Balls-Sci-fi_Pack_SRP_Build/Textures/RollingBalls_Sci-fi_NormalMap_158.png using Guid(f02a0f67bf11f4f418595f3c52270056) Importer(815301076,1909f56bfc062723c751e8b465ee728b) (PreviewImporter) -> (artifact id: '99a4755d23d0895abf3a8e6e7ad0d67a') in 0.0128979 seconds
Number of updated asset objects reloaded before import = 0Number of asset objects unloaded after import = 2

========================================================================
Received Import Request.
  Time since last request: 0.000015 seconds.
  path: Assets/Rolling_Balls-Sci-fi_Pack/Rolling_Balls-Sci-fi_Pack_SRP_Build/Textures/RollingBalls_Sci-fi_NormalMap_145.png
  artifactKey: Guid(bbf61745e53b9d44d9979d9607b34100) Importer(815301076,1909f56bfc062723c751e8b465ee728b)
Start importing Assets/Rolling_Balls-Sci-fi_Pack/Rolling_Balls-Sci-fi_Pack_SRP_Build/Textures/RollingBalls_Sci-fi_NormalMap_145.png using Guid(bbf61745e53b9d44d9979d9607b34100) Importer(815301076,1909f56bfc062723c751e8b465ee728b) (PreviewImporter) -> (artifact id: '1ff5de30dc0a1e431592b453a2c9e784') in 0.0095802 seconds
Number of updated asset objects reloaded before import = 0Number of asset objects unloaded after import = 2

========================================================================
Received Import Request.
  Time since last request: 0.000014 seconds.
  path: Assets/Rolling_Balls-Sci-fi_Pack/Rolling_Balls-Sci-fi_Pack_SRP_Build/Textures/RollingBalls_Sci-fi_NormalMap_133.png
  artifactKey: Guid(1febf8b7069dcbd4d8ec4883d72a8e71) Importer(815301076,1909f56bfc062723c751e8b465ee728b)
Start importing Assets/Rolling_Balls-Sci-fi_Pack/Rolling_Balls-Sci-fi_Pack_SRP_Build/Textures/RollingBalls_Sci-fi_NormalMap_133.png using Guid(1febf8b7069dcbd4d8ec4883d72a8e71) Importer(815301076,1909f56bfc062723c751e8b465ee728b) (PreviewImporter) -> (artifact id: 'ae6d20763b2d74d3764b23c99ef23db4') in 0.0095358 seconds
Number of updated asset objects reloaded before import = 0Number of asset objects unloaded after import = 2

========================================================================
Received Import Request.
  Time since last request: 0.000020 seconds.
  path: Assets/Rolling_Balls-Sci-fi_Pack/Rolling_Balls-Sci-fi_Pack_SRP_Build/Textures/RollingBalls_Sci-fi_NormalMap_95.png
  artifactKey: Guid(1da11e292acb9ab4193e785d01be0452) Importer(815301076,1909f56bfc062723c751e8b465ee728b)
Start importing Assets/Rolling_Balls-Sci-fi_Pack/Rolling_Balls-Sci-fi_Pack_SRP_Build/Textures/RollingBalls_Sci-fi_NormalMap_95.png using Guid(1da11e292acb9ab4193e785d01be0452) Importer(815301076,1909f56bfc062723c751e8b465ee728b) (PreviewImporter) -> (artifact id: '65d46dc90217c93f686e925410f05ec3') in 0.0103204 seconds
Number of updated asset objects reloaded before import = 0Number of asset objects unloaded after import = 2

========================================================================
Received Import Request.
  Time since last request: 0.000030 seconds.
  path: Assets/Rolling_Balls-Sci-fi_Pack/Rolling_Balls-Sci-fi_Pack_SRP_Build/Textures/RollingBalls_Sci-fi_BaseMap_148-2-.png
  artifactKey: Guid(1684d5172c50ad14f92d032e3c42a1fb) Importer(815301076,1909f56bfc062723c751e8b465ee728b)
Start importing Assets/Rolling_Balls-Sci-fi_Pack/Rolling_Balls-Sci-fi_Pack_SRP_Build/Textures/RollingBalls_Sci-fi_BaseMap_148-2-.png using Guid(1684d5172c50ad14f92d032e3c42a1fb) Importer(815301076,1909f56bfc062723c751e8b465ee728b) (PreviewImporter) -> (artifact id: 'e148089a8d377c45351ee546fd3d318e') in 0.0084654 seconds
Number of updated asset objects reloaded before import = 0Number of asset objects unloaded after import = 2

========================================================================
Received Import Request.
  Time since last request: 0.000015 seconds.
  path: Assets/Rolling_Balls-Sci-fi_Pack/Rolling_Balls-Sci-fi_Pack_SRP_Build/Textures/RollingBalls_Sci-fi_BaseMap_138.png
  artifactKey: Guid(da2298443ab917846b91ed798d24b1b3) Importer(815301076,1909f56bfc062723c751e8b465ee728b)
Start importing Assets/Rolling_Balls-Sci-fi_Pack/Rolling_Balls-Sci-fi_Pack_SRP_Build/Textures/RollingBalls_Sci-fi_BaseMap_138.png using Guid(da2298443ab917846b91ed798d24b1b3) Importer(815301076,1909f56bfc062723c751e8b465ee728b) (PreviewImporter) -> (artifact id: '279f69ebcdc69b5e20e3390ee80a1c77') in 0.0074663 seconds
Number of updated asset objects reloaded before import = 0Number of asset objects unloaded after import = 2

========================================================================
Received Import Request.
  Time since last request: 0.000019 seconds.
  path: Assets/Rolling_Balls-Sci-fi_Pack/Rolling_Balls-Sci-fi_Pack_SRP_Build/Textures/RollingBalls_Sci-fi_NormalMap_8.png
  artifactKey: Guid(4095bfefd3da99c43ba07865ae5c4777) Importer(815301076,1909f56bfc062723c751e8b465ee728b)
Start importing Assets/Rolling_Balls-Sci-fi_Pack/Rolling_Balls-Sci-fi_Pack_SRP_Build/Textures/RollingBalls_Sci-fi_NormalMap_8.png using Guid(4095bfefd3da99c43ba07865ae5c4777) Importer(815301076,1909f56bfc062723c751e8b465ee728b) (PreviewImporter) -> (artifact id: '30338fa16b42334ebe3a416e8f66a4bc') in 0.0103963 seconds
Number of updated asset objects reloaded before import = 0Number of asset objects unloaded after import = 2

========================================================================
Received Import Request.
  Time since last request: 0.000023 seconds.
  path: Assets/Rolling_Balls-Sci-fi_Pack/Rolling_Balls-Sci-fi_Pack_SRP_Build/Textures/RollingBalls_Sci-fi_NormalMap_12.png
  artifactKey: Guid(9a775608a126b4f4fb9f2194c2867912) Importer(815301076,1909f56bfc062723c751e8b465ee728b)
Start importing Assets/Rolling_Balls-Sci-fi_Pack/Rolling_Balls-Sci-fi_Pack_SRP_Build/Textures/RollingBalls_Sci-fi_NormalMap_12.png using Guid(9a775608a126b4f4fb9f2194c2867912) Importer(815301076,1909f56bfc062723c751e8b465ee728b) (PreviewImporter) -> (artifact id: '66109c6e7c41695736ff3eb6cdb54e31') in 0.009039 seconds
Number of updated asset objects reloaded before import = 0Number of asset objects unloaded after import = 2

========================================================================
Received Import Request.
  Time since last request: 0.000019 seconds.
  path: Assets/Rolling_Balls-Sci-fi_Pack/Rolling_Balls-Sci-fi_Pack_SRP_Build/Textures/RollingBalls_Sci-fi_NormalMap_45.png
  artifactKey: Guid(240e5c191e7e35e4d963c7c354ba37c1) Importer(815301076,1909f56bfc062723c751e8b465ee728b)
Start importing Assets/Rolling_Balls-Sci-fi_Pack/Rolling_Balls-Sci-fi_Pack_SRP_Build/Textures/RollingBalls_Sci-fi_NormalMap_45.png using Guid(240e5c191e7e35e4d963c7c354ba37c1) Importer(815301076,1909f56bfc062723c751e8b465ee728b) (PreviewImporter) -> (artifact id: '16621a6712e8061bd6ac2e3d57a0ad9a') in 0.0133668 seconds
Number of updated asset objects reloaded before import = 0Number of asset objects unloaded after import = 2

========================================================================
Received Import Request.
  Time since last request: 0.000027 seconds.
  path: Assets/Rolling_Balls-Sci-fi_Pack/Rolling_Balls-Sci-fi_Pack_SRP_Build/Textures/RollingBalls_Sci-fi_NormalMap_103.png
  artifactKey: Guid(379b9cb568fbbbf44b5986ce434cd984) Importer(815301076,1909f56bfc062723c751e8b465ee728b)
Start importing Assets/Rolling_Balls-Sci-fi_Pack/Rolling_Balls-Sci-fi_Pack_SRP_Build/Textures/RollingBalls_Sci-fi_NormalMap_103.png using Guid(379b9cb568fbbbf44b5986ce434cd984) Importer(815301076,1909f56bfc062723c751e8b465ee728b) (PreviewImporter) -> (artifact id: '896cc9f46935082c4f38eea5363874e4') in 0.0083443 seconds
Number of updated asset objects reloaded before import = 0Number of asset objects unloaded after import = 2

========================================================================
Received Import Request.
  Time since last request: 0.000017 seconds.
  path: Assets/Rolling_Balls-Sci-fi_Pack/Rolling_Balls-Sci-fi_Pack_SRP_Build/Textures/RollingBalls_Sci-fi_BaseMap_92.png
  artifactKey: Guid(c2f1317cae7755349829bdc716564871) Importer(815301076,1909f56bfc062723c751e8b465ee728b)
Start importing Assets/Rolling_Balls-Sci-fi_Pack/Rolling_Balls-Sci-fi_Pack_SRP_Build/Textures/RollingBalls_Sci-fi_BaseMap_92.png using Guid(c2f1317cae7755349829bdc716564871) Importer(815301076,1909f56bfc062723c751e8b465ee728b) (PreviewImporter) -> (artifact id: '18c33bdb9cb24a2e1872808864497840') in 0.0102191 seconds
Number of updated asset objects reloaded before import = 0Number of asset objects unloaded after import = 2

========================================================================
Received Import Request.
  Time since last request: 0.000019 seconds.
  path: Assets/Rolling_Balls-Sci-fi_Pack/Rolling_Balls-Sci-fi_Pack_SRP_Build/Textures/RollingBalls_Sci-fi_BaseMap_42.png
  artifactKey: Guid(d960582f2e2f09d4b9c516182f6b6cc8) Importer(815301076,1909f56bfc062723c751e8b465ee728b)
Start importing Assets/Rolling_Balls-Sci-fi_Pack/Rolling_Balls-Sci-fi_Pack_SRP_Build/Textures/RollingBalls_Sci-fi_BaseMap_42.png using Guid(d960582f2e2f09d4b9c516182f6b6cc8) Importer(815301076,1909f56bfc062723c751e8b465ee728b) (PreviewImporter) -> (artifact id: 'c505a68c433fd5fd1cd81a80e4d9511e') in 0.0082669 seconds
Number of updated asset objects reloaded before import = 0Number of asset objects unloaded after import = 2

========================================================================
Received Import Request.
  Time since last request: 6.910492 seconds.
  path: Assets/Materials/lava.mat
  artifactKey: Guid(d4828ff7e8d846883a935cd3ce43e15d) Importer(815301076,1909f56bfc062723c751e8b465ee728b)
Start importing Assets/Materials/lava.mat using Guid(d4828ff7e8d846883a935cd3ce43e15d) Importer(815301076,1909f56bfc062723c751e8b465ee728b) (PreviewImporter) -> (artifact id: '22925b22e65b3e3798b3a7b83dba833f') in 6.9757993 seconds
Number of updated asset objects reloaded before import = 0Number of asset objects unloaded after import = 2

Editor requested this worker to shutdown with reason: Scaling down because of idle timeout
AssetImportWorker is now disconnected from the server
Process exiting
Exiting without the bug reporter. Application will terminate with return code 0