[Licensing::Module] Trying to connect to existing licensing client channel...
Built from '6000.2/staging' branch; Version is '6000.2.4f1 (17550c9bb584) revision 1529100'; Using compiler version '194234433'; Build Type 'Release'
[Licensing::IpcConnector] Successfully connected to: "LicenseClient-juane" at "2025-09-27T16:51:00.5444496Z"
OS: 'Windows 11  (10.0.26100) 64bit Professional' Language: 'es' Physical Memory: 32694 MB
BatchMode: 1, IsHumanControllingUs: 0, StartBugReporterOnCrash: 0, Is64bit: 1
Date: 2025-09-27T16:51:00Z

COMMAND LINE ARGUMENTS:
C:\Program Files\Unity\Hub\Editor\6000.2.4f1\Editor\Unity.exe
-adb2
-batchMode
-noUpm
-name
AssetImportWorker2
-projectPath
C:/Users/juane/Desktop/Roll-a-Ball_EstebanHernandez
-logFile
Logs/AssetImportWorker2.log
-srvPort
64123
-licensingIpc
LicenseClient-juane
-job-worker-count
7
-background-job-worker-count
8
-gc-helper-count
1
-name
AssetImport
Successfully changed project path to: C:/Users/juane/Desktop/Roll-a-Ball_EstebanHernandez
C:/Users/juane/Desktop/Roll-a-Ball_EstebanHernandez
[UnityMemory] Configuration Parameters - Can be set up in boot.config
    "memorysetup-allocator-temp-initial-block-size-main=262144"
    "memorysetup-allocator-temp-initial-block-size-worker=262144"
    "memorysetup-bucket-allocator-granularity=16"
    "memorysetup-bucket-allocator-bucket-count=8"
    "memorysetup-bucket-allocator-block-size=33554432"
    "memorysetup-bucket-allocator-block-count=8"
    "memorysetup-main-allocator-block-size=16777216"
    "memorysetup-thread-allocator-block-size=16777216"
    "memorysetup-gfx-main-allocator-block-size=16777216"
    "memorysetup-gfx-thread-allocator-block-size=16777216"
    "memorysetup-cache-allocator-block-size=4194304"
    "memorysetup-typetree-allocator-block-size=2097152"
    "memorysetup-profiler-bucket-allocator-granularity=16"
    "memorysetup-profiler-bucket-allocator-bucket-count=8"
    "memorysetup-profiler-bucket-allocator-block-size=33554432"
    "memorysetup-profiler-bucket-allocator-block-count=8"
    "memorysetup-profiler-allocator-block-size=16777216"
    "memorysetup-profiler-editor-allocator-block-size=1048576"
    "memorysetup-temp-allocator-size-main=16777216"
    "memorysetup-job-temp-allocator-block-size=2097152"
    "memorysetup-job-temp-allocator-block-size-background=1048576"
    "memorysetup-job-temp-allocator-reduction-small-platforms=262144"
    "memorysetup-temp-allocator-size-background-worker=32768"
    "memorysetup-temp-allocator-size-job-worker=262144"
    "memorysetup-temp-allocator-size-preload-manager=33554432"
    "memorysetup-temp-allocator-size-nav-mesh-worker=65536"
    "memorysetup-temp-allocator-size-audio-worker=65536"
    "memorysetup-temp-allocator-size-cloud-worker=32768"
    "memorysetup-temp-allocator-size-gi-baking-worker=262144"
    "memorysetup-temp-allocator-size-gi-baking-worker=262144"
    "memorysetup-temp-allocator-size-gi-baking-worker=262144"
    "memorysetup-temp-allocator-size-gi-baking-worker=262144"
    "memorysetup-temp-allocator-size-gi-baking-worker=262144"
    "memorysetup-temp-allocator-size-gfx=262144"
Player connection [29116]  Target information:

Player connection [29116]  * "[IP] 192.168.56.1 [Port] 0 [Flags] 2 [Guid] 1135593483 [EditorId] 1135593483 [Version] 1048832 [Id] WindowsEditor(7,Steban) [Debug] 1 [PackageName] WindowsEditor [ProjectName] Editor" 

Player connection [29116]  * "[IP] 192.168.1.73 [Port] 0 [Flags] 2 [Guid] 1135593483 [EditorId] 1135593483 [Version] 1048832 [Id] WindowsEditor(7,Steban) [Debug] 1 [PackageName] WindowsEditor [ProjectName] Editor" 

Player connection [29116] Host joined multi-casting on [225.0.0.222:54997]...
Player connection [29116] Host joined alternative multi-casting on [225.0.0.222:34997]...
JobSystem: Creating JobQueue using job-worker-count value 7
Input System module state changed to: Initialized.
[Physics::Module] Initialized fallback backend.
[Physics::Module] Id: 0xdecafbad
[Licensing::Client] Code 10 while verifying Licensing Client signature (process Id: 26480, path: "C:/Program Files/Unity Hub/UnityLicensingClient_V1/Unity.Licensing.Client.exe")
[Licensing::Module] LicensingClient has failed validation; ignoring
[Licensing::Client] Handshaking with LicensingClient:
  Version:                 1.17.3+a4e98f1
  Session Id:              278f56470e8547f1adaacda0de874e37
  Correlation Id:          e1a68c070ed79ddcab9fc6a5d159e5eb
  External correlation Id: 9191086895136344917
  Machine Id:              fySAlWNorpS81yXkV6kDQKRMN+4=
[Licensing::Module] Successfully connected to LicensingClient on channel: "LicenseClient-juane" (connect: 0.00s, validation: 0.00s, handshake: 0.04s)
[Licensing::IpcConnector] Successfully connected to: "LicenseClient-juane-notifications" at "2025-09-27T16:51:00.5905035Z"
[Licensing::Module] Licensing Background thread has ended after 0.05s
Library Redirect Path: Library/
[Physics::Module] Selected backend.
[Physics::Module] Name: PhysX
[Physics::Module] Id: 0xf2b8ea05
[Physics::Module] SDK Version: 4.1.2
[Physics::Module] Integration Version: 1.0.0
[Physics::Module] Threading Mode: Multi-Threaded
Refreshing native plugins compatible for Editor in 3.56 ms, found 3 plugins.
Preloading 0 native plugins for Editor in 0.00 ms.
Initialize engine version: 6000.2.4f1 (17550c9bb584)
[Subsystems] Discovering subsystems at path C:/Program Files/Unity/Hub/Editor/6000.2.4f1/Editor/Data/Resources/UnitySubsystems
[Subsystems] Discovering subsystems at path C:/Users/juane/Desktop/Roll-a-Ball_EstebanHernandez/Assets
GfxDevice: creating device client; kGfxThreadingModeNonThreaded
d3d12: failed to query info queue interface (0x80004002).
Direct3D:
    Version:         Direct3D 12 [level 12.1]
    Renderer:        NVIDIA GeForce RTX 3060 (ID=0x2487)
    Vendor:          NVIDIA
    VRAM:            12110 MB
    App VRAM Budget: 11342 MB
    Driver:          32.0.15.6094
Initialize mono
Mono path[0] = 'C:/Program Files/Unity/Hub/Editor/6000.2.4f1/Editor/Data/Managed'
Mono path[1] = 'C:/Program Files/Unity/Hub/Editor/6000.2.4f1/Editor/Data/MonoBleedingEdge/lib/mono/unityjit-win32'
Mono config path = 'C:/Program Files/Unity/Hub/Editor/6000.2.4f1/Editor/Data/MonoBleedingEdge/etc'
Using monoOptions --debugger-agent=transport=dt_socket,embedding=1,server=y,suspend=n,address=127.0.0.1:56160
Begin MonoManager ReloadAssembly
Registering precompiled unity dll's ...
Register platform support module: C:/Program Files/Unity/Hub/Editor/6000.2.4f1/Editor/Data/PlaybackEngines/WindowsStandaloneSupport/UnityEditor.WindowsStandalone.Extensions.dll
Registered in 0.001948 seconds.
- Loaded All Assemblies, in  0.359 seconds
Native extension for WindowsStandalone target not found
Mono: successfully reloaded assembly
- Finished resetting the current domain, in  0.314 seconds
Domain Reload Profiling: 670ms
	BeginReloadAssembly (116ms)
		ExecutionOrderSort (0ms)
		DisableScriptedObjects (0ms)
		BackupInstance (0ms)
		ReleaseScriptingObjects (0ms)
		CreateAndSetChildDomain (1ms)
	RebuildCommonClasses (34ms)
	RebuildNativeTypeToScriptingClass (9ms)
	initialDomainReloadingComplete (43ms)
	LoadAllAssembliesAndSetupDomain (152ms)
		LoadAssemblies (113ms)
		RebuildTransferFunctionScriptingTraits (0ms)
		AnalyzeDomain (148ms)
			TypeCache.Refresh (146ms)
				TypeCache.ScanAssembly (133ms)
			BuildScriptInfoCaches (0ms)
			ResolveRequiredComponents (0ms)
	FinalizeReload (314ms)
		ReleaseScriptCaches (0ms)
		RebuildScriptCaches (0ms)
		SetupLoadedEditorAssemblies (270ms)
			LogAssemblyErrors (0ms)
			InitializePlatformSupportModulesInManaged (45ms)
			SetLoadedEditorAssemblies (3ms)
			BeforeProcessingInitializeOnLoad (60ms)
			ProcessInitializeOnLoadAttributes (114ms)
			ProcessInitializeOnLoadMethodAttributes (47ms)
			AfterProcessingInitializeOnLoad (0ms)
			EditorAssembliesLoaded (0ms)
		ExecutionOrderSort2 (0ms)
		AwakeInstancesAfterBackupRestoration (0ms)
========================================================================
Worker process is ready to serve import requests
Import Worker Mode flag is 0x00
Begin MonoManager ReloadAssembly
[Licensing::Client] Successfully resolved entitlement details
[Licensing::Module] License group:
  Id: 6872782475460-UnityPersXXXX
  Product: Unity Personal
  Type: Assigned
  Expiration: Unlimited
- Loaded All Assemblies, in  0.742 seconds
Refreshing native plugins compatible for Editor in 1.04 ms, found 3 plugins.
Native extension for WindowsStandalone target not found
Package Manager log level set to [2]
[Package Manager] Failed to launch server process. Reason: Unity was launched with the -noUpm command-line argument
[Package Manager] Unable to send message (not connected to server process).
[Package Manager] Cannot connect to Unity Package Manager local server
Mono: successfully reloaded assembly
- Finished resetting the current domain, in  0.830 seconds
Domain Reload Profiling: 1564ms
	BeginReloadAssembly (176ms)
		ExecutionOrderSort (0ms)
		DisableScriptedObjects (5ms)
		BackupInstance (0ms)
		ReleaseScriptingObjects (0ms)
		CreateAndSetChildDomain (32ms)
	RebuildCommonClasses (32ms)
	RebuildNativeTypeToScriptingClass (11ms)
	initialDomainReloadingComplete (38ms)
	LoadAllAssembliesAndSetupDomain (477ms)
		LoadAssemblies (359ms)
		RebuildTransferFunctionScriptingTraits (0ms)
		AnalyzeDomain (214ms)
			TypeCache.Refresh (159ms)
				TypeCache.ScanAssembly (145ms)
			BuildScriptInfoCaches (43ms)
			ResolveRequiredComponents (9ms)
	FinalizeReload (831ms)
		ReleaseScriptCaches (0ms)
		RebuildScriptCaches (0ms)
		SetupLoadedEditorAssemblies (633ms)
			LogAssemblyErrors (0ms)
			InitializePlatformSupportModulesInManaged (1ms)
			SetLoadedEditorAssemblies (5ms)
			BeforeProcessingInitializeOnLoad (130ms)
			ProcessInitializeOnLoadAttributes (426ms)
			ProcessInitializeOnLoadMethodAttributes (61ms)
			AfterProcessingInitializeOnLoad (9ms)
			EditorAssembliesLoaded (0ms)
		ExecutionOrderSort2 (0ms)
		AwakeInstancesAfterBackupRestoration (10ms)
Launched and connected shader compiler UnityShaderCompiler.exe after 0.02 seconds
Refreshing native plugins compatible for Editor in 1.48 ms, found 3 plugins.
Preloading 0 native plugins for Editor in 0.00 ms.
Unloading 13 Unused Serialized files (Serialized files now loaded: 0)
Unloading 6101 unused Assets / (5.1 MB). Loaded Objects now: 6811.
Memory consumption went from 132.2 MB to 127.1 MB.
Total: 9.693400 ms (FindLiveObjects: 1.115600 ms CreateObjectMapping: 0.481900 ms MarkObjects: 5.464100 ms  DeleteObjects: 2.630800 ms)

========================================================================
Received Import Request.
  Time since last request: 1027.101934 seconds.
  path: Assets/Rolling_Balls-Sci-fi_Pack
  artifactKey: Guid(d1bef4a5dc00ea94bba5efe0575e0345) Importer(815301076,1909f56bfc062723c751e8b465ee728b)
Start importing Assets/Rolling_Balls-Sci-fi_Pack using Guid(d1bef4a5dc00ea94bba5efe0575e0345) Importer(815301076,1909f56bfc062723c751e8b465ee728b) (PreviewImporter) -> (artifact id: '3a50fde07c340cc6f1426fba16297f03') in 0.0076004 seconds
Number of updated asset objects reloaded before import = 0Number of asset objects unloaded after import = 0

========================================================================
Received Import Request.
  Time since last request: 1.138963 seconds.
  path: Assets/Rolling_Balls-Sci-fi_Pack/Rolling_Balls-Sci-fi_Pack_SRP_Build
  artifactKey: Guid(2e11536ec810cd244901bc1e78109714) Importer(815301076,1909f56bfc062723c751e8b465ee728b)
Start importing Assets/Rolling_Balls-Sci-fi_Pack/Rolling_Balls-Sci-fi_Pack_SRP_Build using Guid(2e11536ec810cd244901bc1e78109714) Importer(815301076,1909f56bfc062723c751e8b465ee728b) (PreviewImporter) -> (artifact id: 'f48bfdb1426d68a6c5c10d21b19b7ff0') in 0.0006047 seconds
Number of updated asset objects reloaded before import = 0Number of asset objects unloaded after import = 0

========================================================================
Received Import Request.
  Time since last request: 0.706208 seconds.
  path: Assets/Rolling_Balls-Sci-fi_Pack/Rolling_Balls-Sci-fi_Pack_SRP_Build/Textures
  artifactKey: Guid(bcd20753f04a9f04fbf9fe172d5ed867) Importer(815301076,1909f56bfc062723c751e8b465ee728b)
Start importing Assets/Rolling_Balls-Sci-fi_Pack/Rolling_Balls-Sci-fi_Pack_SRP_Build/Textures using Guid(bcd20753f04a9f04fbf9fe172d5ed867) Importer(815301076,1909f56bfc062723c751e8b465ee728b) (PreviewImporter) -> (artifact id: '07f726cc7623c6d69e9fe0d4266024a1') in 0.0012935 seconds
Number of updated asset objects reloaded before import = 0Number of asset objects unloaded after import = 0

========================================================================
Received Import Request.
  Time since last request: 0.005627 seconds.
  path: Assets/Rolling_Balls-Sci-fi_Pack/Rolling_Balls-Sci-fi_Pack_SRP_Build/Textures/RollingBalls_Sci-fi_BaseMap_1.png
  artifactKey: Guid(ca1116813d9be7c48a768a3d0250e9f4) Importer(815301076,1909f56bfc062723c751e8b465ee728b)
Start importing Assets/Rolling_Balls-Sci-fi_Pack/Rolling_Balls-Sci-fi_Pack_SRP_Build/Textures/RollingBalls_Sci-fi_BaseMap_1.png using Guid(ca1116813d9be7c48a768a3d0250e9f4) Importer(815301076,1909f56bfc062723c751e8b465ee728b) (PreviewImporter) -> (artifact id: '84ba093e4c243dbd526ebb6e69e56788') in 0.1154814 seconds
Number of updated asset objects reloaded before import = 0Number of asset objects unloaded after import = 2

========================================================================
Received Import Request.
  Time since last request: 0.000053 seconds.
  path: Assets/Rolling_Balls-Sci-fi_Pack/Rolling_Balls-Sci-fi_Pack_SRP_Build/Textures/RollingBalls_Sci-fi_BaseMap_132.png
  artifactKey: Guid(04093c6dd3fe1884c99814e9bb93dbd3) Importer(815301076,1909f56bfc062723c751e8b465ee728b)
Start importing Assets/Rolling_Balls-Sci-fi_Pack/Rolling_Balls-Sci-fi_Pack_SRP_Build/Textures/RollingBalls_Sci-fi_BaseMap_132.png using Guid(04093c6dd3fe1884c99814e9bb93dbd3) Importer(815301076,1909f56bfc062723c751e8b465ee728b) (PreviewImporter) -> (artifact id: '1c8b6e31d26a2029f0d64367aa2417c0') in 0.011492 seconds
Number of updated asset objects reloaded before import = 0Number of asset objects unloaded after import = 2

========================================================================
Received Import Request.
  Time since last request: 0.000029 seconds.
  path: Assets/Rolling_Balls-Sci-fi_Pack/Rolling_Balls-Sci-fi_Pack_SRP_Build/Textures/RollingBalls_Sci-fi_NormalMap_62.png
  artifactKey: Guid(b9fab9979f6381347bf9667974b73077) Importer(815301076,1909f56bfc062723c751e8b465ee728b)
Start importing Assets/Rolling_Balls-Sci-fi_Pack/Rolling_Balls-Sci-fi_Pack_SRP_Build/Textures/RollingBalls_Sci-fi_NormalMap_62.png using Guid(b9fab9979f6381347bf9667974b73077) Importer(815301076,1909f56bfc062723c751e8b465ee728b) (PreviewImporter) -> (artifact id: 'd67e73a412da431e12bbd78f704e6b65') in 0.0671363 seconds
Number of updated asset objects reloaded before import = 0Number of asset objects unloaded after import = 2

========================================================================
Received Import Request.
  Time since last request: 0.000016 seconds.
  path: Assets/Rolling_Balls-Sci-fi_Pack/Rolling_Balls-Sci-fi_Pack_SRP_Build/Textures/RollingBalls_Sci-fi_NormalMap_6.png
  artifactKey: Guid(628e789911d66e845a746fb85e7a73e2) Importer(815301076,1909f56bfc062723c751e8b465ee728b)
Start importing Assets/Rolling_Balls-Sci-fi_Pack/Rolling_Balls-Sci-fi_Pack_SRP_Build/Textures/RollingBalls_Sci-fi_NormalMap_6.png using Guid(628e789911d66e845a746fb85e7a73e2) Importer(815301076,1909f56bfc062723c751e8b465ee728b) (PreviewImporter) -> (artifact id: 'ce2fa67241403dd9ee694e8deea3914b') in 0.0162344 seconds
Number of updated asset objects reloaded before import = 0Number of asset objects unloaded after import = 2

========================================================================
Received Import Request.
  Time since last request: 0.000025 seconds.
  path: Assets/Rolling_Balls-Sci-fi_Pack/Rolling_Balls-Sci-fi_Pack_SRP_Build/Textures/RollingBalls_Sci-fi_NormalMap_76.png
  artifactKey: Guid(3380203bcaf0afc49adef1a50b56bce7) Importer(815301076,1909f56bfc062723c751e8b465ee728b)
Start importing Assets/Rolling_Balls-Sci-fi_Pack/Rolling_Balls-Sci-fi_Pack_SRP_Build/Textures/RollingBalls_Sci-fi_NormalMap_76.png using Guid(3380203bcaf0afc49adef1a50b56bce7) Importer(815301076,1909f56bfc062723c751e8b465ee728b) (PreviewImporter) -> (artifact id: '58b14b8c1a5d8a7ca3c36b70dc454fa6') in 0.0117351 seconds
Number of updated asset objects reloaded before import = 0Number of asset objects unloaded after import = 2

========================================================================
Received Import Request.
  Time since last request: 0.000033 seconds.
  path: Assets/Rolling_Balls-Sci-fi_Pack/Rolling_Balls-Sci-fi_Pack_SRP_Build/Textures/RollingBalls_Sci-fi_BaseMap_116.png
  artifactKey: Guid(0ccc3c6184739e64babb595f63bdf26f) Importer(815301076,1909f56bfc062723c751e8b465ee728b)
Start importing Assets/Rolling_Balls-Sci-fi_Pack/Rolling_Balls-Sci-fi_Pack_SRP_Build/Textures/RollingBalls_Sci-fi_BaseMap_116.png using Guid(0ccc3c6184739e64babb595f63bdf26f) Importer(815301076,1909f56bfc062723c751e8b465ee728b) (PreviewImporter) -> (artifact id: 'b55afbf647b18bb14b590eb1404b071e') in 0.0097823 seconds
Number of updated asset objects reloaded before import = 0Number of asset objects unloaded after import = 2

========================================================================
Received Import Request.
  Time since last request: 0.000047 seconds.
  path: Assets/Rolling_Balls-Sci-fi_Pack/Rolling_Balls-Sci-fi_Pack_SRP_Build/Textures/RollingBalls_Sci-fi_BaseMap_80.png
  artifactKey: Guid(98b634b214ed3e2428c79f81d90788eb) Importer(815301076,1909f56bfc062723c751e8b465ee728b)
Start importing Assets/Rolling_Balls-Sci-fi_Pack/Rolling_Balls-Sci-fi_Pack_SRP_Build/Textures/RollingBalls_Sci-fi_BaseMap_80.png using Guid(98b634b214ed3e2428c79f81d90788eb) Importer(815301076,1909f56bfc062723c751e8b465ee728b) (PreviewImporter) -> (artifact id: '9365458877bd592caf4c40ea29b33f10') in 0.0123311 seconds
Number of updated asset objects reloaded before import = 0Number of asset objects unloaded after import = 2

========================================================================
Received Import Request.
  Time since last request: 0.000018 seconds.
  path: Assets/Rolling_Balls-Sci-fi_Pack/Rolling_Balls-Sci-fi_Pack_SRP_Build/Textures/RollingBalls_Sci-fi_BaseMap_37.png
  artifactKey: Guid(eb7a5e07754f07b4bb2d9387147da60e) Importer(815301076,1909f56bfc062723c751e8b465ee728b)
Start importing Assets/Rolling_Balls-Sci-fi_Pack/Rolling_Balls-Sci-fi_Pack_SRP_Build/Textures/RollingBalls_Sci-fi_BaseMap_37.png using Guid(eb7a5e07754f07b4bb2d9387147da60e) Importer(815301076,1909f56bfc062723c751e8b465ee728b) (PreviewImporter) -> (artifact id: '07f5fa1b9ba7d8d68bc3f5296956873f') in 0.0078677 seconds
Number of updated asset objects reloaded before import = 0Number of asset objects unloaded after import = 2

========================================================================
Received Import Request.
  Time since last request: 0.000018 seconds.
  path: Assets/Rolling_Balls-Sci-fi_Pack/Rolling_Balls-Sci-fi_Pack_SRP_Build/Textures/RollingBalls_Sci-fi_BaseMap_79.png
  artifactKey: Guid(4f08f15594e7b8243baa70cea60c5c68) Importer(815301076,1909f56bfc062723c751e8b465ee728b)
Start importing Assets/Rolling_Balls-Sci-fi_Pack/Rolling_Balls-Sci-fi_Pack_SRP_Build/Textures/RollingBalls_Sci-fi_BaseMap_79.png using Guid(4f08f15594e7b8243baa70cea60c5c68) Importer(815301076,1909f56bfc062723c751e8b465ee728b) (PreviewImporter) -> (artifact id: 'dfd54682f50974b55c23b2648a5f1276') in 0.0085938 seconds
Number of updated asset objects reloaded before import = 0Number of asset objects unloaded after import = 2

========================================================================
Received Import Request.
  Time since last request: 0.000177 seconds.
  path: Assets/Rolling_Balls-Sci-fi_Pack/Rolling_Balls-Sci-fi_Pack_SRP_Build/Textures/RollingBalls_Sci-fi_BaseMap_111.png
  artifactKey: Guid(03a514e5688a8e842a27a8a224452958) Importer(815301076,1909f56bfc062723c751e8b465ee728b)
Start importing Assets/Rolling_Balls-Sci-fi_Pack/Rolling_Balls-Sci-fi_Pack_SRP_Build/Textures/RollingBalls_Sci-fi_BaseMap_111.png using Guid(03a514e5688a8e842a27a8a224452958) Importer(815301076,1909f56bfc062723c751e8b465ee728b) (PreviewImporter) -> (artifact id: 'c7d017ee9f4dc128a466a92991c16d2e') in 0.0432368 seconds
Number of updated asset objects reloaded before import = 0Number of asset objects unloaded after import = 2

========================================================================
Received Import Request.
  Time since last request: 0.000026 seconds.
  path: Assets/Rolling_Balls-Sci-fi_Pack/Rolling_Balls-Sci-fi_Pack_SRP_Build/Textures/RollingBalls_Sci-fi_NormalMap_79.png
  artifactKey: Guid(04db345ddaf1e694cbff0f617c6db9a8) Importer(815301076,1909f56bfc062723c751e8b465ee728b)
Start importing Assets/Rolling_Balls-Sci-fi_Pack/Rolling_Balls-Sci-fi_Pack_SRP_Build/Textures/RollingBalls_Sci-fi_NormalMap_79.png using Guid(04db345ddaf1e694cbff0f617c6db9a8) Importer(815301076,1909f56bfc062723c751e8b465ee728b) (PreviewImporter) -> (artifact id: '3b1e3dd77dc6fcc0f5f7c6cc53cfe633') in 0.0102115 seconds
Number of updated asset objects reloaded before import = 0Number of asset objects unloaded after import = 2

========================================================================
Received Import Request.
  Time since last request: 0.000019 seconds.
  path: Assets/Rolling_Balls-Sci-fi_Pack/Rolling_Balls-Sci-fi_Pack_SRP_Build/Textures/RollingBalls_Sci-fi_BaseMap_86.png
  artifactKey: Guid(240f47faa81616b459f656eb7039667a) Importer(815301076,1909f56bfc062723c751e8b465ee728b)
Start importing Assets/Rolling_Balls-Sci-fi_Pack/Rolling_Balls-Sci-fi_Pack_SRP_Build/Textures/RollingBalls_Sci-fi_BaseMap_86.png using Guid(240f47faa81616b459f656eb7039667a) Importer(815301076,1909f56bfc062723c751e8b465ee728b) (PreviewImporter) -> (artifact id: 'f2478b4021b70f080f3d1d3401a1b792') in 0.0095201 seconds
Number of updated asset objects reloaded before import = 0Number of asset objects unloaded after import = 2

========================================================================
Received Import Request.
  Time since last request: 0.000017 seconds.
  path: Assets/Rolling_Balls-Sci-fi_Pack/Rolling_Balls-Sci-fi_Pack_SRP_Build/Textures/RollingBalls_Sci-fi_NormalMap_61.png
  artifactKey: Guid(77f97f75133a26a4c982b19a023997b2) Importer(815301076,1909f56bfc062723c751e8b465ee728b)
Start importing Assets/Rolling_Balls-Sci-fi_Pack/Rolling_Balls-Sci-fi_Pack_SRP_Build/Textures/RollingBalls_Sci-fi_NormalMap_61.png using Guid(77f97f75133a26a4c982b19a023997b2) Importer(815301076,1909f56bfc062723c751e8b465ee728b) (PreviewImporter) -> (artifact id: '0d4e4296e746aea5a62754576ba03088') in 0.0086807 seconds
Number of updated asset objects reloaded before import = 0Number of asset objects unloaded after import = 2

========================================================================
Received Import Request.
  Time since last request: 0.000030 seconds.
  path: Assets/Rolling_Balls-Sci-fi_Pack/Rolling_Balls-Sci-fi_Pack_SRP_Build/Textures/RollingBalls_Sci-fi_NormalMap_74.png
  artifactKey: Guid(69ca505314e27d3479be9814cf25e55d) Importer(815301076,1909f56bfc062723c751e8b465ee728b)
Start importing Assets/Rolling_Balls-Sci-fi_Pack/Rolling_Balls-Sci-fi_Pack_SRP_Build/Textures/RollingBalls_Sci-fi_NormalMap_74.png using Guid(69ca505314e27d3479be9814cf25e55d) Importer(815301076,1909f56bfc062723c751e8b465ee728b) (PreviewImporter) -> (artifact id: '0727324164fad32661bc404a8a4019c0') in 0.0097488 seconds
Number of updated asset objects reloaded before import = 0Number of asset objects unloaded after import = 2

========================================================================
Received Import Request.
  Time since last request: 0.000028 seconds.
  path: Assets/Rolling_Balls-Sci-fi_Pack/Rolling_Balls-Sci-fi_Pack_SRP_Build/Textures/RollingBalls_Sci-fi_NormalMap_37.png
  artifactKey: Guid(bbd814240540a0f429d0844de773e2bb) Importer(815301076,1909f56bfc062723c751e8b465ee728b)
Start importing Assets/Rolling_Balls-Sci-fi_Pack/Rolling_Balls-Sci-fi_Pack_SRP_Build/Textures/RollingBalls_Sci-fi_NormalMap_37.png using Guid(bbd814240540a0f429d0844de773e2bb) Importer(815301076,1909f56bfc062723c751e8b465ee728b) (PreviewImporter) -> (artifact id: '56fe49c9c937225e0aa7d1fd1c1c24bf') in 0.0077985 seconds
Number of updated asset objects reloaded before import = 0Number of asset objects unloaded after import = 2

========================================================================
Received Import Request.
  Time since last request: 0.000020 seconds.
  path: Assets/Rolling_Balls-Sci-fi_Pack/Rolling_Balls-Sci-fi_Pack_SRP_Build/Textures/RollingBalls_Sci-fi_NormalMap_104.png
  artifactKey: Guid(3be49647e5c4de34f860ecd6ef3cca4c) Importer(815301076,1909f56bfc062723c751e8b465ee728b)
Start importing Assets/Rolling_Balls-Sci-fi_Pack/Rolling_Balls-Sci-fi_Pack_SRP_Build/Textures/RollingBalls_Sci-fi_NormalMap_104.png using Guid(3be49647e5c4de34f860ecd6ef3cca4c) Importer(815301076,1909f56bfc062723c751e8b465ee728b) (PreviewImporter) -> (artifact id: '8dc8f170b04addabdb9435dc8294dea5') in 0.0087252 seconds
Number of updated asset objects reloaded before import = 0Number of asset objects unloaded after import = 2

========================================================================
Received Import Request.
  Time since last request: 0.000018 seconds.
  path: Assets/Rolling_Balls-Sci-fi_Pack/Rolling_Balls-Sci-fi_Pack_SRP_Build/Textures/RollingBalls_Sci-fi_NormalMap_132.png
  artifactKey: Guid(8369aa7790bc9e34b8d0619c4ba73813) Importer(815301076,1909f56bfc062723c751e8b465ee728b)
Start importing Assets/Rolling_Balls-Sci-fi_Pack/Rolling_Balls-Sci-fi_Pack_SRP_Build/Textures/RollingBalls_Sci-fi_NormalMap_132.png using Guid(8369aa7790bc9e34b8d0619c4ba73813) Importer(815301076,1909f56bfc062723c751e8b465ee728b) (PreviewImporter) -> (artifact id: '427594427e2c7010bd1638bcef6607ed') in 0.0075971 seconds
Number of updated asset objects reloaded before import = 0Number of asset objects unloaded after import = 2

========================================================================
Received Import Request.
  Time since last request: 0.000021 seconds.
  path: Assets/Rolling_Balls-Sci-fi_Pack/Rolling_Balls-Sci-fi_Pack_SRP_Build/Textures/RollingBalls_Sci-fi_NormalMap_93.png
  artifactKey: Guid(8c09f635edc324349a9ce6f5a4276b56) Importer(815301076,1909f56bfc062723c751e8b465ee728b)
Start importing Assets/Rolling_Balls-Sci-fi_Pack/Rolling_Balls-Sci-fi_Pack_SRP_Build/Textures/RollingBalls_Sci-fi_NormalMap_93.png using Guid(8c09f635edc324349a9ce6f5a4276b56) Importer(815301076,1909f56bfc062723c751e8b465ee728b) (PreviewImporter) -> (artifact id: '661f1abb8f196382295e50aac180b9c8') in 0.0068072 seconds
Number of updated asset objects reloaded before import = 0Number of asset objects unloaded after import = 2

========================================================================
Received Import Request.
  Time since last request: 0.000025 seconds.
  path: Assets/Rolling_Balls-Sci-fi_Pack/Rolling_Balls-Sci-fi_Pack_SRP_Build/Textures/RollingBalls_Sci-fi_NormalMap_111.png
  artifactKey: Guid(0a0833d912cb8bc4aab4d14846680b27) Importer(815301076,1909f56bfc062723c751e8b465ee728b)
Start importing Assets/Rolling_Balls-Sci-fi_Pack/Rolling_Balls-Sci-fi_Pack_SRP_Build/Textures/RollingBalls_Sci-fi_NormalMap_111.png using Guid(0a0833d912cb8bc4aab4d14846680b27) Importer(815301076,1909f56bfc062723c751e8b465ee728b) (PreviewImporter) -> (artifact id: 'f3d83e83b8467124bfa428aa4bdd0984') in 0.0103716 seconds
Number of updated asset objects reloaded before import = 0Number of asset objects unloaded after import = 2

========================================================================
Received Import Request.
  Time since last request: 0.000036 seconds.
  path: Assets/Rolling_Balls-Sci-fi_Pack/Rolling_Balls-Sci-fi_Pack_SRP_Build/Textures/RollingBalls_Sci-fi_NormalMap_94.png
  artifactKey: Guid(45975287f5b7aaf42ba1c52de0a348e4) Importer(815301076,1909f56bfc062723c751e8b465ee728b)
Start importing Assets/Rolling_Balls-Sci-fi_Pack/Rolling_Balls-Sci-fi_Pack_SRP_Build/Textures/RollingBalls_Sci-fi_NormalMap_94.png using Guid(45975287f5b7aaf42ba1c52de0a348e4) Importer(815301076,1909f56bfc062723c751e8b465ee728b) (PreviewImporter) -> (artifact id: '842a521818402bf12fd745b705927172') in 0.0076694 seconds
Number of updated asset objects reloaded before import = 0Number of asset objects unloaded after import = 2

========================================================================
Received Import Request.
  Time since last request: 0.000018 seconds.
  path: Assets/Rolling_Balls-Sci-fi_Pack/Rolling_Balls-Sci-fi_Pack_SRP_Build/Textures/RollingBalls_Sci-fi_NormalMap_41.png
  artifactKey: Guid(03a498acf4dbad6419bd455ba0637fe8) Importer(815301076,1909f56bfc062723c751e8b465ee728b)
Start importing Assets/Rolling_Balls-Sci-fi_Pack/Rolling_Balls-Sci-fi_Pack_SRP_Build/Textures/RollingBalls_Sci-fi_NormalMap_41.png using Guid(03a498acf4dbad6419bd455ba0637fe8) Importer(815301076,1909f56bfc062723c751e8b465ee728b) (PreviewImporter) -> (artifact id: 'c621dc8b6668bf1e4d391932d752cad1') in 0.0089523 seconds
Number of updated asset objects reloaded before import = 0Number of asset objects unloaded after import = 2

========================================================================
Received Import Request.
  Time since last request: 0.000021 seconds.
  path: Assets/Rolling_Balls-Sci-fi_Pack/Rolling_Balls-Sci-fi_Pack_SRP_Build/Textures/RollingBalls_Sci-fi_NormalMap_68.png
  artifactKey: Guid(5e39f2f558a55f54d8000d44ab6a4402) Importer(815301076,1909f56bfc062723c751e8b465ee728b)
Start importing Assets/Rolling_Balls-Sci-fi_Pack/Rolling_Balls-Sci-fi_Pack_SRP_Build/Textures/RollingBalls_Sci-fi_NormalMap_68.png using Guid(5e39f2f558a55f54d8000d44ab6a4402) Importer(815301076,1909f56bfc062723c751e8b465ee728b) (PreviewImporter) -> (artifact id: '62a78bd3104841c99d8743ab14b89c33') in 0.0105441 seconds
Number of updated asset objects reloaded before import = 0Number of asset objects unloaded after import = 2

========================================================================
Received Import Request.
  Time since last request: 0.000019 seconds.
  path: Assets/Rolling_Balls-Sci-fi_Pack/Rolling_Balls-Sci-fi_Pack_SRP_Build/Textures/RollingBalls_Sci-fi_NormalMap_23.png
  artifactKey: Guid(d2af19ecc9ad8434a8f08c3a2ef491ab) Importer(815301076,1909f56bfc062723c751e8b465ee728b)
Start importing Assets/Rolling_Balls-Sci-fi_Pack/Rolling_Balls-Sci-fi_Pack_SRP_Build/Textures/RollingBalls_Sci-fi_NormalMap_23.png using Guid(d2af19ecc9ad8434a8f08c3a2ef491ab) Importer(815301076,1909f56bfc062723c751e8b465ee728b) (PreviewImporter) -> (artifact id: '851365d98d1c3b3c3880a4ca43b36366') in 0.00986 seconds
Number of updated asset objects reloaded before import = 0Number of asset objects unloaded after import = 2

========================================================================
Received Import Request.
  Time since last request: 0.000024 seconds.
  path: Assets/Rolling_Balls-Sci-fi_Pack/Rolling_Balls-Sci-fi_Pack_SRP_Build/Textures/RollingBalls_Sci-fi_BaseMap_135.png
  artifactKey: Guid(9f001ea76be3f2a48a34a43ec7b37cc9) Importer(815301076,1909f56bfc062723c751e8b465ee728b)
Start importing Assets/Rolling_Balls-Sci-fi_Pack/Rolling_Balls-Sci-fi_Pack_SRP_Build/Textures/RollingBalls_Sci-fi_BaseMap_135.png using Guid(9f001ea76be3f2a48a34a43ec7b37cc9) Importer(815301076,1909f56bfc062723c751e8b465ee728b) (PreviewImporter) -> (artifact id: 'a5fb90fc1013517011ab7c28d1308fc1') in 0.0089674 seconds
Number of updated asset objects reloaded before import = 0Number of asset objects unloaded after import = 2

========================================================================
Received Import Request.
  Time since last request: 0.000032 seconds.
  path: Assets/Rolling_Balls-Sci-fi_Pack/Rolling_Balls-Sci-fi_Pack_SRP_Build/Textures/RollingBalls_Sci-fi_NormalMap_1.png
  artifactKey: Guid(85d1dccc834fd6148a7592765ce948d3) Importer(815301076,1909f56bfc062723c751e8b465ee728b)
Start importing Assets/Rolling_Balls-Sci-fi_Pack/Rolling_Balls-Sci-fi_Pack_SRP_Build/Textures/RollingBalls_Sci-fi_NormalMap_1.png using Guid(85d1dccc834fd6148a7592765ce948d3) Importer(815301076,1909f56bfc062723c751e8b465ee728b) (PreviewImporter) -> (artifact id: 'fbd918e2cdc682e48cdf4133fbb38883') in 0.0089599 seconds
Number of updated asset objects reloaded before import = 0Number of asset objects unloaded after import = 2

========================================================================
Received Import Request.
  Time since last request: 0.000018 seconds.
  path: Assets/Rolling_Balls-Sci-fi_Pack/Rolling_Balls-Sci-fi_Pack_SRP_Build/Textures/RollingBalls_Sci-fi_NormalMap_116.png
  artifactKey: Guid(9bb95590f1ebcf246b839a951bcdd577) Importer(815301076,1909f56bfc062723c751e8b465ee728b)
Start importing Assets/Rolling_Balls-Sci-fi_Pack/Rolling_Balls-Sci-fi_Pack_SRP_Build/Textures/RollingBalls_Sci-fi_NormalMap_116.png using Guid(9bb95590f1ebcf246b839a951bcdd577) Importer(815301076,1909f56bfc062723c751e8b465ee728b) (PreviewImporter) -> (artifact id: '96afa43636c467daf8766f1c9a7253da') in 0.0110456 seconds
Number of updated asset objects reloaded before import = 0Number of asset objects unloaded after import = 2

========================================================================
Received Import Request.
  Time since last request: 0.000019 seconds.
  path: Assets/Rolling_Balls-Sci-fi_Pack/Rolling_Balls-Sci-fi_Pack_SRP_Build/Textures/RollingBalls_Sci-fi_BaseMap_74.png
  artifactKey: Guid(d76c63d5df35e164f8372677f54c8106) Importer(815301076,1909f56bfc062723c751e8b465ee728b)
Start importing Assets/Rolling_Balls-Sci-fi_Pack/Rolling_Balls-Sci-fi_Pack_SRP_Build/Textures/RollingBalls_Sci-fi_BaseMap_74.png using Guid(d76c63d5df35e164f8372677f54c8106) Importer(815301076,1909f56bfc062723c751e8b465ee728b) (PreviewImporter) -> (artifact id: '6e4d36913f0d1a0ec3eff3dcefab9f69') in 0.0084582 seconds
Number of updated asset objects reloaded before import = 0Number of asset objects unloaded after import = 2

========================================================================
Received Import Request.
  Time since last request: 6.909261 seconds.
  path: Assets/Materials/DynamicBox.mat
  artifactKey: Guid(15864b5c23f550b60ba2780b3dc4c6a3) Importer(815301076,1909f56bfc062723c751e8b465ee728b)
Start importing Assets/Materials/DynamicBox.mat using Guid(15864b5c23f550b60ba2780b3dc4c6a3) Importer(815301076,1909f56bfc062723c751e8b465ee728b) (PreviewImporter) -> (artifact id: 'f5495c0db334fdcf7821b34d7a4e0cb3') in 6.6921355 seconds
Number of updated asset objects reloaded before import = 0Number of asset objects unloaded after import = 1

========================================================================
Received Import Request.
  Time since last request: 0.000088 seconds.
  path: Assets/Materials/PickUp.mat
  artifactKey: Guid(3fa3936af826c3b6c9925b64a80e0231) Importer(815301076,1909f56bfc062723c751e8b465ee728b)
Start importing Assets/Materials/PickUp.mat using Guid(3fa3936af826c3b6c9925b64a80e0231) Importer(815301076,1909f56bfc062723c751e8b465ee728b) (PreviewImporter) -> (artifact id: 'ca1bcd0b0eba1f904aad9694bc83a43c') in 0.0220977 seconds
Number of updated asset objects reloaded before import = 0Number of asset objects unloaded after import = 2

========================================================================
Received Import Request.
  Time since last request: 0.000062 seconds.
  path: Assets/Materials/Player.mat
  artifactKey: Guid(5c399100bf966f8299448012253e6a8e) Importer(815301076,1909f56bfc062723c751e8b465ee728b)
Start importing Assets/Materials/Player.mat using Guid(5c399100bf966f8299448012253e6a8e) Importer(815301076,1909f56bfc062723c751e8b465ee728b) (PreviewImporter) -> (artifact id: '374678b88178a9ffc89e47a40bfaf3a6') in 0.0213757 seconds
Number of updated asset objects reloaded before import = 0Number of asset objects unloaded after import = 2

========================================================================
Received Import Request.
  Time since last request: 0.000044 seconds.
  path: Assets/Materials/Wall.mat
  artifactKey: Guid(34600c40cdedb3067a856ad89bfbdda6) Importer(815301076,1909f56bfc062723c751e8b465ee728b)
Start importing Assets/Materials/Wall.mat using Guid(34600c40cdedb3067a856ad89bfbdda6) Importer(815301076,1909f56bfc062723c751e8b465ee728b) (PreviewImporter) -> (artifact id: '9458d0443a5cf8719d16ef4f79b58c7f') in 0.0213667 seconds
Number of updated asset objects reloaded before import = 0Number of asset objects unloaded after import = 2

Editor requested this worker to shutdown with reason: Scaling down because of idle timeout
AssetImportWorker is now disconnected from the server
Process exiting
Exiting without the bug reporter. Application will terminate with return code 0